!  Sample measurement started  10-Oct-2020    23:17:25
!
!  Exposure time slow/fast (sec)  0.1  / 0.1
!  Thresholds 1/2/end   3565  5000  5800
!
!-------------------------------------------------------------------------------------------------------------
!  Time    Filename               Mode   Diode        IPetra   Nr 1   Temp 1   Expa 1   Nr 2   Temp 2   Expa 2
!
23:17:29   GGQT_S6_1 1     1  slow   0     120.2966  unknown  unknown  unknown unknown  unknown  unknown
23:17:33   GGQT_S6_1 2     1  slow   0     120.2851  unknown  unknown  unknown unknown  unknown  unknown
23:17:38   GGQT_S6_1 3     1  slow   0     120.2753  unknown  unknown  unknown unknown  unknown  unknown
23:17:42   GGQT_S6_1 4     1  slow   0     120.2558  unknown  unknown  unknown unknown  unknown  unknown
23:17:47   GGQT_S6_1 5     1  slow   0     120.2451  unknown  unknown  unknown 22  25.98  0.00
23:17:52   GGQT_S6_1 6     1  slow   0     120.2246  36  33.72  0.80 69  68.09  5.32
23:17:56   GGQT_S6_1 7     1  slow   0     120.2167  83  82.41  7.26 115  114.88  11.70
23:18:01   GGQT_S6_1 8     1  slow   0     120.1969  129  128.62  13.70 161  161.01  17.89
23:18:06   GGQT_S6_1 9     1  slow   0     120.1811  176  176.14  19.40 208  207.97  21.88
23:18:10   GGQT_S6_1 10     1  slow   0     120.1743  222  222.00  22.94 254  253.98  26.16
23:18:15   GGQT_S6_1 11     1  slow   0     120.1615  269  269.05  27.99 301  300.89  32.35
23:18:20   GGQT_S6_1 12     1  slow   0     120.1455  315  315.06  34.47 348  347.96  39.74
23:18:24   GGQT_S6_1 13     1  slow   0     120.1295  362  361.79  42.06 394  393.87  47.40
23:18:29   GGQT_S6_1 14     1  slow   0     120.1112  408  407.83  49.76 441  440.91  55.13
23:18:34   GGQT_S6_1 15     1  slow   0     120.0926  455  455.04  57.31 488  487.95  61.50
23:18:38   GGQT_S6_1 16     1  slow   0     120.0859  502  502.01  62.20 534  534.13  59.42
23:18:42   GGQT_S6_1 17     1  slow   0     120.0756  548  547.88  58.72 570  569.99  60.11
23:18:47   GGQT_S6_1 18     1  slow   0     120.0679  584  583.98  61.80 617  616.94  66.37
23:18:51   GGQT_S6_1 19     1  slow   0     120.0516  631  630.98  68.49 663  662.83  73.40
23:18:56   GGQT_S6_1 20     1  slow   0     120.033  679  678.77  75.80 712  711.76  80.61
23:19:01   GGQT_S6_1 21     1  slow   0     120.0105  726  725.77  82.58 759  755.72  88.06
23:19:05   GGQT_S6_1 22     1  slow   0     120.0056  773  771.08  90.40 805  801.16  90.80
23:19:10   GGQT_S6_1 23     1  slow   0     119.9824  819  818.76  88.82 852  852.77  97.04
23:19:15   GGQT_S6_1 24     1  slow   0     120.5638  866  866.29  101.10 898  866.35  102.32
23:19:19   GGQT_S6_1 25     1  slow   0     120.9634  912  865.96  102.61 945  865.52  103.04
23:19:24   GGQT_S6_1 26     1  slow   0     120.9489  959  864.36  103.22 991  865.26  103.59
23:19:29   GGQT_S6_1 27     1  slow   0     120.9312  1007  864.78  103.75 1040  865.72  104.03
23:19:34   GGQT_S6_1 28     1  slow   0     120.9168  1054  865.14  104.17 1086  865.08  104.40
23:19:38   GGQT_S6_1 29     1  slow   0     120.8998  1100  864.91  104.49 1133  865.31  104.65
23:19:43   GGQT_S6_1 30     1  slow   0     120.8878  1147  864.98  104.75 1179  865.31  104.92
23:19:48   GGQT_S6_1 31     1  slow   0     120.8758  1193  864.40  104.97 1226  865.10  105.05
23:19:52   GGQT_S6_1 32     1  slow   0     120.8597  1240  865.00  105.17 1273  865.10  105.25
23:19:57   GGQT_S6_1 33     1  slow   0     120.8506  1287  865.22  105.31 1319  865.23  105.44
23:20:02   GGQT_S6_1 34     1  slow   0     120.8352  1333  864.97  105.44 1365  865.10  105.48
23:20:06   GGQT_S6_1 35     1  slow   0     120.8228  1379  865.19  105.57 1412  865.16  105.63
23:20:11   GGQT_S6_1 36     1  slow   0     120.803  1426  865.07  105.66 1459  865.31  105.73
23:20:15   GGQT_S6_1 37     1  slow   0     120.7861  1473  865.13  105.75 1505  864.16  105.83
23:20:20   GGQT_S6_1 38     1  slow   0     120.7763  1519  864.31  105.84 1552  865.09  105.96
23:20:25   GGQT_S6_1 39     1  slow   0     120.7596  1566  864.56  105.97 1598  864.99  106.07
23:20:29   GGQT_S6_1 40     1  slow   0     120.7413  1612  864.85  106.09 1644  864.99  106.13
23:20:34   GGQT_S6_1 41     1  slow   0     120.7327  1658  865.09  106.12 1691  865.03  106.20
23:20:39   GGQT_S6_1 42     1  slow   0     120.7135  1705  864.82  106.19 1737  865.09  106.27
23:20:43   GGQT_S6_1 43     1  slow   0     120.7027  1751  864.91  106.23 1784  865.10  106.26
23:20:48   GGQT_S6_1 44     1  slow   0     120.6852  1798  864.98  106.27 1830  865.09  106.34
23:20:53   GGQT_S6_1 45     1  slow   0     120.6695  1844  865.03  106.34 1877  864.91  106.38
23:20:57   GGQT_S6_1 46     1  slow   0     120.6612  1891  865.01  106.36 1924  864.46  106.43
23:21:02   GGQT_S6_1 47     1  slow   0     120.6397  1938  865.18  106.54 1970  864.98  106.48
23:21:07   GGQT_S6_1 48     1  slow   0     120.6232  1984  865.11  106.50 2017  864.24  106.57
23:21:11   GGQT_S6_1 49     1  slow   0     120.6167  2031  864.83  106.50 2063  865.07  106.55
23:21:16   GGQT_S6_1 50     1  slow   0     120.6018  2077  864.99  106.52 2110  865.19  106.56
23:21:21   GGQT_S6_1 51     1  slow   0     120.5835  2124  865.15  106.54 2156  865.12  106.59
23:21:25   GGQT_S6_1 52     1  slow   0     120.5704  2170  865.20  106.57 2203  864.99  106.57
23:21:30   GGQT_S6_1 53     1  slow   0     120.5592  2217  865.11  106.58 2249  865.08  106.58
23:21:34   GGQT_S6_1 54     1  slow   0     120.5429  2264  865.09  106.60 2286  864.86  106.58
23:21:38   GGQT_S6_1 55     1  slow   0     120.5319  2302  865.06  106.61 2334  864.89  106.66
23:21:43   GGQT_S6_1 56     1  slow   0     120.5136  2348  865.26  106.64 2381  865.14  106.66
23:21:47   GGQT_S6_1 57     1  slow   0     120.5041  2395  865.14  106.65 2417  865.05  106.67
23:21:51   GGQT_S6_1 58     1  slow   0     120.4844  2431  865.06  106.65 2463  865.09  106.67
23:21:56   GGQT_S6_1 59     1  slow   0     120.4693  2477  864.84  106.68 2510  864.86  106.68
23:22:01   GGQT_S6_1 60     1  slow   0     120.4625  2524  865.06  106.68 2556  865.00  106.69
23:22:05   GGQT_S6_1 61     1  slow   0     120.4457  2570  865.04  106.66 2603  865.12  106.76
23:22:10   GGQT_S6_1 62     1  slow   0     120.4315  2617  865.01  106.72 2649  865.19  106.75
23:22:15   GGQT_S6_1 63     1  slow   0     120.4189  2663  865.62  106.74 2696  865.39  106.77
23:22:19   GGQT_S6_1 64     1  slow   0     120.3991  2710  865.22  106.74 2742  865.03  106.72
23:22:24   GGQT_S6_1 65     1  slow   0     120.3929  2756  864.82  106.72 2789  865.12  106.76
23:22:28   GGQT_S6_1 66     1  slow   0     120.3728  2803  864.85  106.74 2835  865.01  106.73
23:22:33   GGQT_S6_1 67     1  slow   0     120.3519  2849  864.83  106.74 2882  865.15  106.69
23:22:38   GGQT_S6_1 68     1  slow   0     120.3433  2896  865.27  106.77 2928  865.03  106.72
23:22:42   GGQT_S6_1 69     1  slow   0     120.3324  2942  865.17  106.73 2975  864.98  106.74
23:22:47   GGQT_S6_1 70     1  slow   0     120.3105  2989  864.76  106.68 3022  865.13  106.74
23:22:52   GGQT_S6_1 71     1  slow   0     120.301  3036  865.04  106.72 3068  864.78  106.73
23:22:56   GGQT_S6_1 72     1  slow   0     120.2843  3082  865.06  106.72 3114  864.95  106.74
23:23:01   GGQT_S6_1 73     1  slow   0     120.2739  3128  865.15  106.73 3161  865.10  106.68
23:23:06   GGQT_S6_1 74     1  slow   0     120.2545  3175  865.07  106.68 3207  865.04  106.71
23:23:10   GGQT_S6_1 75     1  slow   0     120.2475  3221  865.14  106.73 3254  865.17  106.71
23:23:15   GGQT_S6_1 76     1  slow   0     120.233  3268  865.46  106.70 3300  865.23  106.75
23:23:20   GGQT_S6_1 77     1  slow   0     120.2214  3314  865.28  106.68 3346  865.02  106.68
23:23:24   GGQT_S6_1 78     1  slow   0     120.2002  3361  864.55  106.69 3393  865.21  106.71
23:23:29   GGQT_S6_1 79     1  slow   0     120.1853  3407  865.02  106.68 3440  865.16  106.67
23:23:34   GGQT_S6_1 80     1  slow   0     120.1694  3454  865.22  106.67 3486  864.87  106.65
23:23:38   GGQT_S6_1 81     1  slow   0     120.1475  3500  864.90  106.68 3533  865.17  106.69
23:23:43   GGQT_S6_1 82     1  slow   0     120.142  3547  865.03  106.70 3579  864.74  106.67
23:25:06   GGQT_S6_1 83     60  fast   0     120.8812  3793  865.77  106.63 4411  115.19  -31.33
23:26:29   GGQT_S6_1 143     60  fast   0     120.6236  4625  114.98  -31.32 5242  115.04  -31.17
23:26:34   GGQT_S6_1 203     1  slow   0     120.6095  5256  115.21  -31.17 5289  114.96  -31.11
23:26:38   GGQT_S6_1 204     1  slow   0     120.59  5303  115.02  -31.14 5335  135.13  -27.82
23:26:43   GGQT_S6_1 205     1  slow   0     120.579  5349  149.18  -25.55 5382  181.93  -20.48
23:26:48   GGQT_S6_1 206     1  slow   0     120.5663  5396  195.90  -18.55 5428  228.02  -14.25
23:26:52   GGQT_S6_1 207     1  slow   0     120.5531  5442  241.92  -12.2 5474  250.73  -10.83
23:26:57   GGQT_S6_1 208     1  slow   0     120.542  5488  250.63  -10.91 5521  250.42  -10.98
23:27:02   GGQT_S6_1 209     1  slow   0     120.5263  5535  250.09  -10.96 5567  249.95  -11.01
23:27:06   GGQT_S6_1 210     1  slow   0     120.508  5581  250.08  -10.99 5614  249.93  -10.95
23:27:11   GGQT_S6_1 211     1  slow   0     120.4971  5628  250.05  -10.96 5660  250.06  -10.91
23:27:16   GGQT_S6_1 212     1  slow   0     120.4792  5674  250.18  -10.89 5707  250.05  -10.84
23:27:20   GGQT_S6_1 213     1  slow   0     120.4647  5721  250.01  -10.84 5753  250.02  -10.81
23:27:25   GGQT_S6_1 214     1  slow   0     120.4524  5767  250.02  -10.82 5800  250.02  -10.78
23:27:30   GGQT_S6_1 215     1  slow   0     120.4426  5814  250.02  -10.79 5846  250.11  -10.74
