!  Sample measurement started  10-Oct-2020    23:27:35
!
!  Exposure time slow/fast (sec)  0.1  / 0.1
!  Thresholds 1/2/end   8150  8500  130000
!
!-------------------------------------------------------------------------------------------------------------
!  Time    Filename               Mode   Diode        IPetra   Nr 1   Temp 1   Expa 1   Nr 2   Temp 2   Expa 2
!
23:27:39   GGQT_S6_2 1     1  slow   0     120.4046  5913  250.01  -10.71 5935  250.05  -10.74
23:27:42   GGQT_S6_2 2     1  slow   0     120.3921  5949  249.89  -10.7 5972  250.06  -10.71
23:27:47   GGQT_S6_2 3     1  slow   0     120.3768  5985  250.07  -10.7 6018  250.04  -10.7
23:27:51   GGQT_S6_2 4     1  slow   0     120.3766  6032  250.02  -10.7 6064  250.09  -10.71
23:27:56   GGQT_S6_2 5     1  slow   0     120.3511  6078  250.08  -10.7 6110  250.10  -10.68
23:28:01   GGQT_S6_2 6     1  slow   0     120.3379  6124  250.11  -10.73 6157  250.30  -10.7
23:28:05   GGQT_S6_2 7     1  slow   0     120.3256  6171  250.17  -10.73 6203  250.17  -10.71
23:28:10   GGQT_S6_2 8     1  slow   0     120.3111  6217  250.09  -10.74 6250  250.24  -10.75
23:28:15   GGQT_S6_2 9     1  slow   0     120.2996  6264  250.21  -10.76 6296  250.10  -10.76
23:28:18   GGQT_S6_2 10     1  slow   0     120.2848  6310  250.18  -10.76 6335  250.09  -10.84
23:28:23   GGQT_S6_2 11     1  slow   0     120.2688  6349  250.23  -10.76 6381  249.94  -10.77
23:28:28   GGQT_S6_2 12     1  slow   0     120.2495  6395  249.94  -10.77 6428  249.96  -10.75
23:28:32   GGQT_S6_2 13     1  slow   0     120.2394  6442  250.04  -10.76 6474  249.86  -10.73
23:28:37   GGQT_S6_2 14     1  slow   0     120.2221  6488  249.85  -10.7 6521  250.08  -10.7
23:28:41   GGQT_S6_2 15     1  slow   0     120.2172  6535  249.88  -10.68 6557  250.04  -10.65
23:28:45   GGQT_S6_2 16     1  slow   0     120.2029  6571  250.07  -10.65 6603  250.19  -10.63
23:28:50   GGQT_S6_2 17     1  slow   0     120.1837  6617  250.10  -10.65 6649  249.90  -10.61
23:28:55   GGQT_S6_2 18     1  slow   0     120.1762  6663  250.12  -10.6 6696  250.05  -10.63
23:28:59   GGQT_S6_2 19     1  slow   0     120.1583  6710  250.01  -10.57 6742  250.17  -10.57
23:29:04   GGQT_S6_2 20     1  slow   0     120.1495  6756  250.11  -10.57 6789  250.25  -10.61
23:29:08   GGQT_S6_2 21     1  slow   0     120.129  6803  250.06  -10.55 6835  250.13  -10.56
23:29:13   GGQT_S6_2 22     1  slow   0     120.1214  6849  250.01  -10.52 6882  249.86  -10.51
23:29:18   GGQT_S6_2 23     1  slow   0     120.1018  6896  249.88  -10.51 6928  249.96  -10.48
23:29:22   GGQT_S6_2 24     1  slow   0     120.0877  6942  249.96  -10.46 6975  250.00  -10.5
23:29:27   GGQT_S6_2 25     1  slow   0     120.0826  6989  250.08  -10.45 7021  249.91  -10.43
23:29:32   GGQT_S6_2 26     1  slow   0     120.0648  7035  249.90  -10.44 7068  249.94  -10.46
23:29:36   GGQT_S6_2 27     1  slow   0     120.0467  7082  250.03  -10.45 7114  250.05  -10.44
23:29:41   GGQT_S6_2 28     1  slow   0     120.0312  7128  249.91  -10.42 7161  250.00  -10.43
23:29:46   GGQT_S6_2 29     1  slow   0     120.016  7175  250.05  -10.4 7207  249.98  -10.42
23:29:50   GGQT_S6_2 30     1  slow   0     120.006  7221  249.98  -10.44 7254  249.94  -10.43
23:29:54   GGQT_S6_2 31     1  slow   0     119.9879  7268  250.08  -10.33 7290  250.05  -10.31
23:29:59   GGQT_S6_2 32     1  slow   0     120.3909  7304  249.90  -10.32 7336  250.19  -10.34
23:30:03   GGQT_S6_2 33     1  slow   0     120.9428  7350  250.06  -10.33 7383  250.06  -10.33
23:30:08   GGQT_S6_2 34     1  slow   0     120.9223  7397  250.00  -10.31 7429  249.94  -10.32
23:30:13   GGQT_S6_2 35     1  slow   0     120.9064  7443  249.97  -10.31 7476  250.08  -10.28
23:30:17   GGQT_S6_2 36     1  slow   0     120.8983  7490  249.97  -10.29 7522  249.91  -10.3
23:30:22   GGQT_S6_2 37     1  slow   0     120.8792  7536  250.06  -10.29 7569  249.99  -10.28
23:30:26   GGQT_S6_2 38     1  slow   0     120.8731  7583  249.96  -10.24 7615  250.04  -10.23
23:30:31   GGQT_S6_2 39     1  slow   0     120.8572  7629  250.03  -10.25 7662  250.00  -10.23
23:30:36   GGQT_S6_2 40     1  slow   0     120.8388  7676  249.97  -10.22 7709  249.89  -10.22
23:30:40   GGQT_S6_2 41     1  slow   0     120.8283  7723  249.93  -10.22 7755  249.87  -10.24
23:30:45   GGQT_S6_2 42     1  slow   0     120.814  7769  250.01  -10.23 7802  249.96  -10.2
23:30:50   GGQT_S6_2 43     1  slow   0     120.7962  7816  249.91  -10.2 7848  249.87  -10.18
23:30:54   GGQT_S6_2 44     1  slow   0     120.7787  7862  249.99  -10.17 7895  249.95  -10.19
23:30:59   GGQT_S6_2 45     1  slow   0     120.761  7909  249.94  -10.18 7941  250.05  -10.14
23:31:04   GGQT_S6_2 46     1  slow   0     120.7537  7955  249.99  -10.17 7988  249.94  -10.14
23:31:07   GGQT_S6_2 47     1  slow   0     120.7371  8002  250.20  -10.15 8024  250.04  -10.12
23:31:12   GGQT_S6_2 48     1  slow   0     120.7242  8038  249.90  -10.14 8071  250.16  -10.11
23:31:17   GGQT_S6_2 49     1  slow   0     120.7096  8085  249.96  -10.12 8117  249.98  -10.1
23:31:21   GGQT_S6_2 50     1  slow   0     120.7006  8131  249.99  -10.09 8164  250.03  -10.06
23:32:04   GGQT_S6_2 51     20  fast   0     120.5657  8378  249.98  -10.01 8523  58.17  -36.33
23:32:09   GGQT_S6_2 71     1  slow   0     120.5554  8523  58.17  -36.33 8523  58.17  -36.33
23:32:14   GGQT_S6_2 72     1  slow   0     120.5379  8524  53.88  -36.26 8524  53.88  -36.26
23:32:18   GGQT_S6_2 73     1  slow   0     120.5183  8524  53.88  -36.26 8525  50.07  -36.18
23:32:23   GGQT_S6_2 74     1  slow   0     120.5049  8525  50.07  -36.18 8526  46.74  -35.98
23:32:27   GGQT_S6_2 75     1  slow   0     120.4946  8526  46.74  -35.98 8527  43.60  -35.77
23:32:32   GGQT_S6_2 76     1  slow   0     120.478  8527  43.60  -35.77 8527  43.60  -35.77
23:32:37   GGQT_S6_2 77     1  slow   0     120.4601  8528  41.56  -35.62 8528  41.56  -35.62
23:32:42   GGQT_S6_2 78     1  slow   0     120.4498  8528  41.56  -35.62 8529  39.28  -35.29
23:32:46   GGQT_S6_2 79     1  slow   0     120.4382  8529  39.28  -35.29 8530  37.18  -35.13
23:32:51   GGQT_S6_2 80     1  slow   0     120.4225  8530  37.18  -35.13 8530  37.18  -35.13
23:32:56   GGQT_S6_2 81     1  slow   0     120.4025  8531  35.43  -34.91 8531  35.43  -34.91
23:33:00   GGQT_S6_2 82     1  slow   0     120.3907  8531  35.43  -34.91 8532  33.90  -34.74
23:33:05   GGQT_S6_2 83     1  slow   0     120.3734  8532  33.90  -34.74 8533  32.47  -34.48
23:33:10   GGQT_S6_2 84     1  slow   0     120.3594  8533  32.47  -34.48 8534  31.25  -34.28
23:33:14   GGQT_S6_2 85     1  slow   0     120.3491  8534  31.25  -34.28 8534  31.25  -34.28
23:33:19   GGQT_S6_2 86     1  slow   0     120.3368  8535  30.20  -34.09 8535  30.20  -34.09
23:33:23   GGQT_S6_2 87     1  slow   0     120.314  8535  30.20  -34.09 8536  29.18  -33.93
23:33:28   GGQT_S6_2 88     1  slow   0     120.2973  8536  29.18  -33.93 8537  28.40  -33.76
23:33:33   GGQT_S6_2 89     1  slow   0     120.2908  8537  28.40  -33.76 8537  28.40  -33.76
23:33:37   GGQT_S6_2 90     1  slow   0     120.2805  8538  27.55  -33.65 8538  27.55  -33.65
23:33:42   GGQT_S6_2 91     1  slow   0     120.2617  8538  27.55  -33.65 8539  26.78  -33.55
23:33:47   GGQT_S6_2 92     1  slow   0     120.244  8539  26.78  -33.55 8540  26.20  -33.4
23:33:51   GGQT_S6_2 93     1  slow   0     120.2335  8540  26.20  -33.4 8541  25.48  -33.26
23:33:56   GGQT_S6_2 94     1  slow   0     120.2222  8541  25.48  -33.26 8541  25.48  -33.26
23:34:01   GGQT_S6_2 95     1  slow   0     120.2044  8542  24.88  -33.13 unknown  unknown  unknown
